<?xml version="1.0" encoding="UTF-8"?>
<!-- Generated by org.testng.reporters.JUnitReportReporter -->
<testsuite skipped="0" hostname="Jesse_Dobson_PC" name="org.naic.mfl.se.challenge.tests.WebTest" tests="1" failures="0" timestamp="28 Jan 2019 04:53:50 GMT" time="10.220" errors="0">
  <testcase name="checkoutTest" time="10.220" classname="org.naic.mfl.se.challenge.tests.WebTest"/>
</testsuite> <!-- org.naic.mfl.se.challenge.tests.WebTest -->
